0 info it worked if it ends with ok
1 verbose cli [ 'c:\\Program Files\\nodejs\\node.exe',
1 verbose cli   'c:\\Program Files\\nodejs\\node_modules\\npm\\bin\\npm-cli.js',
1 verbose cli   'install' ]
2 info using npm@1.4.3
3 info using node@v0.10.26
4 verbose readDependencies using package.json deps
5 verbose install where, deps [ 'c:\\Users\\acp\\github\\kibana',
5 verbose install   [ 'rjs-build-analysis',
5 verbose install     'grunt',
5 verbose install     'grunt-s3',
5 verbose install     'grunt-ngmin',
5 verbose install     'grunt-contrib',
5 verbose install     'grunt-contrib-less',
5 verbose install     'grunt-contrib-copy',
5 verbose install     'grunt-git-describe',
5 verbose install     'grunt-contrib-clean',
5 verbose install     'grunt-contrib-cssmin',
5 verbose install     'grunt-contrib-jshint',
5 verbose install     'grunt-string-replace',
5 verbose install     'grunt-contrib-htmlmin',
5 verbose install     'grunt-contrib-requirejs',
5 verbose install     'grunt-angular-templates',
5 verbose install     'grunt-contrib-compress',
5 verbose install     'grunt-contrib-uglify',
5 verbose install     'load-grunt-tasks',
5 verbose install     'grunt-contrib-connect',
5 verbose install     'grunt-scratchy',
5 verbose install     'glob',
5 verbose install     'kat',
5 verbose install     'expect.js' ] ]
6 info preinstall kibana@3.0.0
7 verbose readDependencies using package.json deps
8 verbose cache add [ 'rjs-build-analysis@0.0.3', null ]
9 verbose cache add name=undefined spec="rjs-build-analysis@0.0.3" args=["rjs-build-analysis@0.0.3",null]
10 verbose parsed url { protocol: null,
10 verbose parsed url   slashes: null,
10 verbose parsed url   auth: null,
10 verbose parsed url   host: null,
10 verbose parsed url   port: null,
10 verbose parsed url   hostname: null,
10 verbose parsed url   hash: null,
10 verbose parsed url   search: null,
10 verbose parsed url   query: null,
10 verbose parsed url   pathname: 'rjs-build-analysis@0.0.3',
10 verbose parsed url   path: 'rjs-build-analysis@0.0.3',
10 verbose parsed url   href: 'rjs-build-analysis@0.0.3' }
11 verbose cache add name="rjs-build-analysis" spec="0.0.3" args=["rjs-build-analysis","0.0.3"]
12 verbose parsed url { protocol: null,
12 verbose parsed url   slashes: null,
12 verbose parsed url   auth: null,
12 verbose parsed url   host: null,
12 verbose parsed url   port: null,
12 verbose parsed url   hostname: null,
12 verbose parsed url   hash: null,
12 verbose parsed url   search: null,
12 verbose parsed url   query: null,
12 verbose parsed url   pathname: '0.0.3',
12 verbose parsed url   path: '0.0.3',
12 verbose parsed url   href: '0.0.3' }
13 verbose addNamed [ 'rjs-build-analysis', '0.0.3' ]
14 verbose addNamed [ '0.0.3', '0.0.3' ]
15 verbose cache add [ 'grunt@~0.4.0', null ]
16 verbose cache add name=undefined spec="grunt@~0.4.0" args=["grunt@~0.4.0",null]
17 verbose parsed url { protocol: null,
17 verbose parsed url   slashes: null,
17 verbose parsed url   auth: null,
17 verbose parsed url   host: null,
17 verbose parsed url   port: null,
17 verbose parsed url   hostname: null,
17 verbose parsed url   hash: null,
17 verbose parsed url   search: null,
17 verbose parsed url   query: null,
17 verbose parsed url   pathname: 'grunt@~0.4.0',
17 verbose parsed url   path: 'grunt@~0.4.0',
17 verbose parsed url   href: 'grunt@~0.4.0' }
18 verbose cache add name="grunt" spec="~0.4.0" args=["grunt","~0.4.0"]
19 verbose parsed url { protocol: null,
19 verbose parsed url   slashes: null,
19 verbose parsed url   auth: null,
19 verbose parsed url   host: null,
19 verbose parsed url   port: null,
19 verbose parsed url   hostname: null,
19 verbose parsed url   hash: null,
19 verbose parsed url   search: null,
19 verbose parsed url   query: null,
19 verbose parsed url   pathname: '~0.4.0',
19 verbose parsed url   path: '~0.4.0',
19 verbose parsed url   href: '~0.4.0' }
20 verbose addNamed [ 'grunt', '~0.4.0' ]
21 verbose addNamed [ null, '>=0.4.0-0 <0.5.0-0' ]
22 verbose cache add [ 'grunt-s3@~0.2.0-alpha.2', null ]
23 verbose cache add name=undefined spec="grunt-s3@~0.2.0-alpha.2" args=["grunt-s3@~0.2.0-alpha.2",null]
24 verbose parsed url { protocol: null,
24 verbose parsed url   slashes: null,
24 verbose parsed url   auth: null,
24 verbose parsed url   host: null,
24 verbose parsed url   port: null,
24 verbose parsed url   hostname: null,
24 verbose parsed url   hash: null,
24 verbose parsed url   search: null,
24 verbose parsed url   query: null,
24 verbose parsed url   pathname: 'grunt-s3@~0.2.0-alpha.2',
24 verbose parsed url   path: 'grunt-s3@~0.2.0-alpha.2',
24 verbose parsed url   href: 'grunt-s3@~0.2.0-alpha.2' }
25 verbose cache add name="grunt-s3" spec="~0.2.0-alpha.2" args=["grunt-s3","~0.2.0-alpha.2"]
26 verbose parsed url { protocol: null,
26 verbose parsed url   slashes: null,
26 verbose parsed url   auth: null,
26 verbose parsed url   host: null,
26 verbose parsed url   port: null,
26 verbose parsed url   hostname: null,
26 verbose parsed url   hash: null,
26 verbose parsed url   search: null,
26 verbose parsed url   query: null,
26 verbose parsed url   pathname: '~0.2.0-alpha.2',
26 verbose parsed url   path: '~0.2.0-alpha.2',
26 verbose parsed url   href: '~0.2.0-alpha.2' }
27 verbose addNamed [ 'grunt-s3', '~0.2.0-alpha.2' ]
28 verbose addNamed [ null, '>=0.2.0-alpha.2 <0.3.0-0' ]
29 verbose cache add [ 'grunt-ngmin@0.0.3', null ]
30 verbose cache add name=undefined spec="grunt-ngmin@0.0.3" args=["grunt-ngmin@0.0.3",null]
31 verbose parsed url { protocol: null,
31 verbose parsed url   slashes: null,
31 verbose parsed url   auth: null,
31 verbose parsed url   host: null,
31 verbose parsed url   port: null,
31 verbose parsed url   hostname: null,
31 verbose parsed url   hash: null,
31 verbose parsed url   search: null,
31 verbose parsed url   query: null,
31 verbose parsed url   pathname: 'grunt-ngmin@0.0.3',
31 verbose parsed url   path: 'grunt-ngmin@0.0.3',
31 verbose parsed url   href: 'grunt-ngmin@0.0.3' }
32 verbose cache add name="grunt-ngmin" spec="0.0.3" args=["grunt-ngmin","0.0.3"]
33 verbose parsed url { protocol: null,
33 verbose parsed url   slashes: null,
33 verbose parsed url   auth: null,
33 verbose parsed url   host: null,
33 verbose parsed url   port: null,
33 verbose parsed url   hostname: null,
33 verbose parsed url   hash: null,
33 verbose parsed url   search: null,
33 verbose parsed url   query: null,
33 verbose parsed url   pathname: '0.0.3',
33 verbose parsed url   path: '0.0.3',
33 verbose parsed url   href: '0.0.3' }
34 verbose addNamed [ 'grunt-ngmin', '0.0.3' ]
35 verbose addNamed [ '0.0.3', '0.0.3' ]
36 verbose cache add [ 'grunt-contrib@~0.8.0', null ]
37 verbose cache add name=undefined spec="grunt-contrib@~0.8.0" args=["grunt-contrib@~0.8.0",null]
38 verbose parsed url { protocol: null,
38 verbose parsed url   slashes: null,
38 verbose parsed url   auth: null,
38 verbose parsed url   host: null,
38 verbose parsed url   port: null,
38 verbose parsed url   hostname: null,
38 verbose parsed url   hash: null,
38 verbose parsed url   search: null,
38 verbose parsed url   query: null,
38 verbose parsed url   pathname: 'grunt-contrib@~0.8.0',
38 verbose parsed url   path: 'grunt-contrib@~0.8.0',
38 verbose parsed url   href: 'grunt-contrib@~0.8.0' }
39 verbose cache add name="grunt-contrib" spec="~0.8.0" args=["grunt-contrib","~0.8.0"]
40 verbose parsed url { protocol: null,
40 verbose parsed url   slashes: null,
40 verbose parsed url   auth: null,
40 verbose parsed url   host: null,
40 verbose parsed url   port: null,
40 verbose parsed url   hostname: null,
40 verbose parsed url   hash: null,
40 verbose parsed url   search: null,
40 verbose parsed url   query: null,
40 verbose parsed url   pathname: '~0.8.0',
40 verbose parsed url   path: '~0.8.0',
40 verbose parsed url   href: '~0.8.0' }
41 verbose addNamed [ 'grunt-contrib', '~0.8.0' ]
42 verbose addNamed [ null, '>=0.8.0-0 <0.9.0-0' ]
43 verbose cache add [ 'grunt-contrib-less@~0.7.0', null ]
44 verbose cache add name=undefined spec="grunt-contrib-less@~0.7.0" args=["grunt-contrib-less@~0.7.0",null]
45 verbose parsed url { protocol: null,
45 verbose parsed url   slashes: null,
45 verbose parsed url   auth: null,
45 verbose parsed url   host: null,
45 verbose parsed url   port: null,
45 verbose parsed url   hostname: null,
45 verbose parsed url   hash: null,
45 verbose parsed url   search: null,
45 verbose parsed url   query: null,
45 verbose parsed url   pathname: 'grunt-contrib-less@~0.7.0',
45 verbose parsed url   path: 'grunt-contrib-less@~0.7.0',
45 verbose parsed url   href: 'grunt-contrib-less@~0.7.0' }
46 verbose cache add name="grunt-contrib-less" spec="~0.7.0" args=["grunt-contrib-less","~0.7.0"]
47 verbose parsed url { protocol: null,
47 verbose parsed url   slashes: null,
47 verbose parsed url   auth: null,
47 verbose parsed url   host: null,
47 verbose parsed url   port: null,
47 verbose parsed url   hostname: null,
47 verbose parsed url   hash: null,
47 verbose parsed url   search: null,
47 verbose parsed url   query: null,
47 verbose parsed url   pathname: '~0.7.0',
47 verbose parsed url   path: '~0.7.0',
47 verbose parsed url   href: '~0.7.0' }
48 verbose addNamed [ 'grunt-contrib-less', '~0.7.0' ]
49 verbose addNamed [ null, '>=0.7.0-0 <0.8.0-0' ]
50 verbose cache add [ 'grunt-contrib-copy@~0.4.1', null ]
51 verbose cache add name=undefined spec="grunt-contrib-copy@~0.4.1" args=["grunt-contrib-copy@~0.4.1",null]
52 verbose parsed url { protocol: null,
52 verbose parsed url   slashes: null,
52 verbose parsed url   auth: null,
52 verbose parsed url   host: null,
52 verbose parsed url   port: null,
52 verbose parsed url   hostname: null,
52 verbose parsed url   hash: null,
52 verbose parsed url   search: null,
52 verbose parsed url   query: null,
52 verbose parsed url   pathname: 'grunt-contrib-copy@~0.4.1',
52 verbose parsed url   path: 'grunt-contrib-copy@~0.4.1',
52 verbose parsed url   href: 'grunt-contrib-copy@~0.4.1' }
53 verbose cache add name="grunt-contrib-copy" spec="~0.4.1" args=["grunt-contrib-copy","~0.4.1"]
54 verbose parsed url { protocol: null,
54 verbose parsed url   slashes: null,
54 verbose parsed url   auth: null,
54 verbose parsed url   host: null,
54 verbose parsed url   port: null,
54 verbose parsed url   hostname: null,
54 verbose parsed url   hash: null,
54 verbose parsed url   search: null,
54 verbose parsed url   query: null,
54 verbose parsed url   pathname: '~0.4.1',
54 verbose parsed url   path: '~0.4.1',
54 verbose parsed url   href: '~0.4.1' }
55 verbose addNamed [ 'grunt-contrib-copy', '~0.4.1' ]
56 verbose addNamed [ null, '>=0.4.1-0 <0.5.0-0' ]
57 verbose cache add [ 'grunt-git-describe@~2.3.2', null ]
58 verbose cache add name=undefined spec="grunt-git-describe@~2.3.2" args=["grunt-git-describe@~2.3.2",null]
59 verbose parsed url { protocol: null,
59 verbose parsed url   slashes: null,
59 verbose parsed url   auth: null,
59 verbose parsed url   host: null,
59 verbose parsed url   port: null,
59 verbose parsed url   hostname: null,
59 verbose parsed url   hash: null,
59 verbose parsed url   search: null,
59 verbose parsed url   query: null,
59 verbose parsed url   pathname: 'grunt-git-describe@~2.3.2',
59 verbose parsed url   path: 'grunt-git-describe@~2.3.2',
59 verbose parsed url   href: 'grunt-git-describe@~2.3.2' }
60 verbose cache add name="grunt-git-describe" spec="~2.3.2" args=["grunt-git-describe","~2.3.2"]
61 verbose parsed url { protocol: null,
61 verbose parsed url   slashes: null,
61 verbose parsed url   auth: null,
61 verbose parsed url   host: null,
61 verbose parsed url   port: null,
61 verbose parsed url   hostname: null,
61 verbose parsed url   hash: null,
61 verbose parsed url   search: null,
61 verbose parsed url   query: null,
61 verbose parsed url   pathname: '~2.3.2',
61 verbose parsed url   path: '~2.3.2',
61 verbose parsed url   href: '~2.3.2' }
62 verbose addNamed [ 'grunt-git-describe', '~2.3.2' ]
63 verbose addNamed [ null, '>=2.3.2-0 <2.4.0-0' ]
64 verbose cache add [ 'grunt-contrib-clean@~0.5.0', null ]
65 verbose cache add name=undefined spec="grunt-contrib-clean@~0.5.0" args=["grunt-contrib-clean@~0.5.0",null]
66 verbose parsed url { protocol: null,
66 verbose parsed url   slashes: null,
66 verbose parsed url   auth: null,
66 verbose parsed url   host: null,
66 verbose parsed url   port: null,
66 verbose parsed url   hostname: null,
66 verbose parsed url   hash: null,
66 verbose parsed url   search: null,
66 verbose parsed url   query: null,
66 verbose parsed url   pathname: 'grunt-contrib-clean@~0.5.0',
66 verbose parsed url   path: 'grunt-contrib-clean@~0.5.0',
66 verbose parsed url   href: 'grunt-contrib-clean@~0.5.0' }
67 verbose cache add name="grunt-contrib-clean" spec="~0.5.0" args=["grunt-contrib-clean","~0.5.0"]
68 verbose parsed url { protocol: null,
68 verbose parsed url   slashes: null,
68 verbose parsed url   auth: null,
68 verbose parsed url   host: null,
68 verbose parsed url   port: null,
68 verbose parsed url   hostname: null,
68 verbose parsed url   hash: null,
68 verbose parsed url   search: null,
68 verbose parsed url   query: null,
68 verbose parsed url   pathname: '~0.5.0',
68 verbose parsed url   path: '~0.5.0',
68 verbose parsed url   href: '~0.5.0' }
69 verbose addNamed [ 'grunt-contrib-clean', '~0.5.0' ]
70 verbose addNamed [ null, '>=0.5.0-0 <0.6.0-0' ]
71 verbose cache add [ 'grunt-contrib-cssmin@~0.6.1', null ]
72 verbose cache add name=undefined spec="grunt-contrib-cssmin@~0.6.1" args=["grunt-contrib-cssmin@~0.6.1",null]
73 verbose parsed url { protocol: null,
73 verbose parsed url   slashes: null,
73 verbose parsed url   auth: null,
73 verbose parsed url   host: null,
73 verbose parsed url   port: null,
73 verbose parsed url   hostname: null,
73 verbose parsed url   hash: null,
73 verbose parsed url   search: null,
73 verbose parsed url   query: null,
73 verbose parsed url   pathname: 'grunt-contrib-cssmin@~0.6.1',
73 verbose parsed url   path: 'grunt-contrib-cssmin@~0.6.1',
73 verbose parsed url   href: 'grunt-contrib-cssmin@~0.6.1' }
74 verbose cache add name="grunt-contrib-cssmin" spec="~0.6.1" args=["grunt-contrib-cssmin","~0.6.1"]
75 verbose parsed url { protocol: null,
75 verbose parsed url   slashes: null,
75 verbose parsed url   auth: null,
75 verbose parsed url   host: null,
75 verbose parsed url   port: null,
75 verbose parsed url   hostname: null,
75 verbose parsed url   hash: null,
75 verbose parsed url   search: null,
75 verbose parsed url   query: null,
75 verbose parsed url   pathname: '~0.6.1',
75 verbose parsed url   path: '~0.6.1',
75 verbose parsed url   href: '~0.6.1' }
76 verbose addNamed [ 'grunt-contrib-cssmin', '~0.6.1' ]
77 verbose addNamed [ null, '>=0.6.1-0 <0.7.0-0' ]
78 verbose cache add [ 'grunt-contrib-jshint@~0.6.0', null ]
79 verbose cache add name=undefined spec="grunt-contrib-jshint@~0.6.0" args=["grunt-contrib-jshint@~0.6.0",null]
80 verbose parsed url { protocol: null,
80 verbose parsed url   slashes: null,
80 verbose parsed url   auth: null,
80 verbose parsed url   host: null,
80 verbose parsed url   port: null,
80 verbose parsed url   hostname: null,
80 verbose parsed url   hash: null,
80 verbose parsed url   search: null,
80 verbose parsed url   query: null,
80 verbose parsed url   pathname: 'grunt-contrib-jshint@~0.6.0',
80 verbose parsed url   path: 'grunt-contrib-jshint@~0.6.0',
80 verbose parsed url   href: 'grunt-contrib-jshint@~0.6.0' }
81 verbose cache add name="grunt-contrib-jshint" spec="~0.6.0" args=["grunt-contrib-jshint","~0.6.0"]
82 verbose parsed url { protocol: null,
82 verbose parsed url   slashes: null,
82 verbose parsed url   auth: null,
82 verbose parsed url   host: null,
82 verbose parsed url   port: null,
82 verbose parsed url   hostname: null,
82 verbose parsed url   hash: null,
82 verbose parsed url   search: null,
82 verbose parsed url   query: null,
82 verbose parsed url   pathname: '~0.6.0',
82 verbose parsed url   path: '~0.6.0',
82 verbose parsed url   href: '~0.6.0' }
83 verbose addNamed [ 'grunt-contrib-jshint', '~0.6.0' ]
84 verbose addNamed [ null, '>=0.6.0-0 <0.7.0-0' ]
85 verbose cache add [ 'grunt-string-replace@~0.2.4', null ]
86 verbose cache add name=undefined spec="grunt-string-replace@~0.2.4" args=["grunt-string-replace@~0.2.4",null]
87 verbose parsed url { protocol: null,
87 verbose parsed url   slashes: null,
87 verbose parsed url   auth: null,
87 verbose parsed url   host: null,
87 verbose parsed url   port: null,
87 verbose parsed url   hostname: null,
87 verbose parsed url   hash: null,
87 verbose parsed url   search: null,
87 verbose parsed url   query: null,
87 verbose parsed url   pathname: 'grunt-string-replace@~0.2.4',
87 verbose parsed url   path: 'grunt-string-replace@~0.2.4',
87 verbose parsed url   href: 'grunt-string-replace@~0.2.4' }
88 verbose cache add name="grunt-string-replace" spec="~0.2.4" args=["grunt-string-replace","~0.2.4"]
89 verbose parsed url { protocol: null,
89 verbose parsed url   slashes: null,
89 verbose parsed url   auth: null,
89 verbose parsed url   host: null,
89 verbose parsed url   port: null,
89 verbose parsed url   hostname: null,
89 verbose parsed url   hash: null,
89 verbose parsed url   search: null,
89 verbose parsed url   query: null,
89 verbose parsed url   pathname: '~0.2.4',
89 verbose parsed url   path: '~0.2.4',
89 verbose parsed url   href: '~0.2.4' }
90 verbose addNamed [ 'grunt-string-replace', '~0.2.4' ]
91 verbose addNamed [ null, '>=0.2.4-0 <0.3.0-0' ]
92 verbose cache add [ 'grunt-contrib-htmlmin@~0.1.3', null ]
93 verbose cache add name=undefined spec="grunt-contrib-htmlmin@~0.1.3" args=["grunt-contrib-htmlmin@~0.1.3",null]
94 verbose parsed url { protocol: null,
94 verbose parsed url   slashes: null,
94 verbose parsed url   auth: null,
94 verbose parsed url   host: null,
94 verbose parsed url   port: null,
94 verbose parsed url   hostname: null,
94 verbose parsed url   hash: null,
94 verbose parsed url   search: null,
94 verbose parsed url   query: null,
94 verbose parsed url   pathname: 'grunt-contrib-htmlmin@~0.1.3',
94 verbose parsed url   path: 'grunt-contrib-htmlmin@~0.1.3',
94 verbose parsed url   href: 'grunt-contrib-htmlmin@~0.1.3' }
95 verbose cache add name="grunt-contrib-htmlmin" spec="~0.1.3" args=["grunt-contrib-htmlmin","~0.1.3"]
96 verbose parsed url { protocol: null,
96 verbose parsed url   slashes: null,
96 verbose parsed url   auth: null,
96 verbose parsed url   host: null,
96 verbose parsed url   port: null,
96 verbose parsed url   hostname: null,
96 verbose parsed url   hash: null,
96 verbose parsed url   search: null,
96 verbose parsed url   query: null,
96 verbose parsed url   pathname: '~0.1.3',
96 verbose parsed url   path: '~0.1.3',
96 verbose parsed url   href: '~0.1.3' }
97 verbose addNamed [ 'grunt-contrib-htmlmin', '~0.1.3' ]
98 verbose addNamed [ null, '>=0.1.3-0 <0.2.0-0' ]
99 verbose cache add [ 'grunt-contrib-requirejs@~0.4.1', null ]
100 verbose cache add name=undefined spec="grunt-contrib-requirejs@~0.4.1" args=["grunt-contrib-requirejs@~0.4.1",null]
101 verbose parsed url { protocol: null,
101 verbose parsed url   slashes: null,
101 verbose parsed url   auth: null,
101 verbose parsed url   host: null,
101 verbose parsed url   port: null,
101 verbose parsed url   hostname: null,
101 verbose parsed url   hash: null,
101 verbose parsed url   search: null,
101 verbose parsed url   query: null,
101 verbose parsed url   pathname: 'grunt-contrib-requirejs@~0.4.1',
101 verbose parsed url   path: 'grunt-contrib-requirejs@~0.4.1',
101 verbose parsed url   href: 'grunt-contrib-requirejs@~0.4.1' }
102 verbose cache add name="grunt-contrib-requirejs" spec="~0.4.1" args=["grunt-contrib-requirejs","~0.4.1"]
103 verbose parsed url { protocol: null,
103 verbose parsed url   slashes: null,
103 verbose parsed url   auth: null,
103 verbose parsed url   host: null,
103 verbose parsed url   port: null,
103 verbose parsed url   hostname: null,
103 verbose parsed url   hash: null,
103 verbose parsed url   search: null,
103 verbose parsed url   query: null,
103 verbose parsed url   pathname: '~0.4.1',
103 verbose parsed url   path: '~0.4.1',
103 verbose parsed url   href: '~0.4.1' }
104 verbose addNamed [ 'grunt-contrib-requirejs', '~0.4.1' ]
105 verbose addNamed [ null, '>=0.4.1-0 <0.5.0-0' ]
106 verbose cache add [ 'grunt-angular-templates@~0.3.12', null ]
107 verbose cache add name=undefined spec="grunt-angular-templates@~0.3.12" args=["grunt-angular-templates@~0.3.12",null]
108 verbose parsed url { protocol: null,
108 verbose parsed url   slashes: null,
108 verbose parsed url   auth: null,
108 verbose parsed url   host: null,
108 verbose parsed url   port: null,
108 verbose parsed url   hostname: null,
108 verbose parsed url   hash: null,
108 verbose parsed url   search: null,
108 verbose parsed url   query: null,
108 verbose parsed url   pathname: 'grunt-angular-templates@~0.3.12',
108 verbose parsed url   path: 'grunt-angular-templates@~0.3.12',
108 verbose parsed url   href: 'grunt-angular-templates@~0.3.12' }
109 verbose cache add name="grunt-angular-templates" spec="~0.3.12" args=["grunt-angular-templates","~0.3.12"]
110 verbose parsed url { protocol: null,
110 verbose parsed url   slashes: null,
110 verbose parsed url   auth: null,
110 verbose parsed url   host: null,
110 verbose parsed url   port: null,
110 verbose parsed url   hostname: null,
110 verbose parsed url   hash: null,
110 verbose parsed url   search: null,
110 verbose parsed url   query: null,
110 verbose parsed url   pathname: '~0.3.12',
110 verbose parsed url   path: '~0.3.12',
110 verbose parsed url   href: '~0.3.12' }
111 verbose addNamed [ 'grunt-angular-templates', '~0.3.12' ]
112 verbose addNamed [ null, '>=0.3.12-0 <0.4.0-0' ]
113 verbose cache add [ 'grunt-contrib-compress@~0.5.2', null ]
114 verbose cache add name=undefined spec="grunt-contrib-compress@~0.5.2" args=["grunt-contrib-compress@~0.5.2",null]
115 verbose parsed url { protocol: null,
115 verbose parsed url   slashes: null,
115 verbose parsed url   auth: null,
115 verbose parsed url   host: null,
115 verbose parsed url   port: null,
115 verbose parsed url   hostname: null,
115 verbose parsed url   hash: null,
115 verbose parsed url   search: null,
115 verbose parsed url   query: null,
115 verbose parsed url   pathname: 'grunt-contrib-compress@~0.5.2',
115 verbose parsed url   path: 'grunt-contrib-compress@~0.5.2',
115 verbose parsed url   href: 'grunt-contrib-compress@~0.5.2' }
116 verbose cache add name="grunt-contrib-compress" spec="~0.5.2" args=["grunt-contrib-compress","~0.5.2"]
117 verbose parsed url { protocol: null,
117 verbose parsed url   slashes: null,
117 verbose parsed url   auth: null,
117 verbose parsed url   host: null,
117 verbose parsed url   port: null,
117 verbose parsed url   hostname: null,
117 verbose parsed url   hash: null,
117 verbose parsed url   search: null,
117 verbose parsed url   query: null,
117 verbose parsed url   pathname: '~0.5.2',
117 verbose parsed url   path: '~0.5.2',
117 verbose parsed url   href: '~0.5.2' }
118 verbose addNamed [ 'grunt-contrib-compress', '~0.5.2' ]
119 verbose addNamed [ null, '>=0.5.2-0 <0.6.0-0' ]
120 verbose cache add [ 'grunt-contrib-uglify@~0.2.4', null ]
121 verbose cache add name=undefined spec="grunt-contrib-uglify@~0.2.4" args=["grunt-contrib-uglify@~0.2.4",null]
122 verbose parsed url { protocol: null,
122 verbose parsed url   slashes: null,
122 verbose parsed url   auth: null,
122 verbose parsed url   host: null,
122 verbose parsed url   port: null,
122 verbose parsed url   hostname: null,
122 verbose parsed url   hash: null,
122 verbose parsed url   search: null,
122 verbose parsed url   query: null,
122 verbose parsed url   pathname: 'grunt-contrib-uglify@~0.2.4',
122 verbose parsed url   path: 'grunt-contrib-uglify@~0.2.4',
122 verbose parsed url   href: 'grunt-contrib-uglify@~0.2.4' }
123 verbose cache add name="grunt-contrib-uglify" spec="~0.2.4" args=["grunt-contrib-uglify","~0.2.4"]
124 verbose parsed url { protocol: null,
124 verbose parsed url   slashes: null,
124 verbose parsed url   auth: null,
124 verbose parsed url   host: null,
124 verbose parsed url   port: null,
124 verbose parsed url   hostname: null,
124 verbose parsed url   hash: null,
124 verbose parsed url   search: null,
124 verbose parsed url   query: null,
124 verbose parsed url   pathname: '~0.2.4',
124 verbose parsed url   path: '~0.2.4',
124 verbose parsed url   href: '~0.2.4' }
125 verbose addNamed [ 'grunt-contrib-uglify', '~0.2.4' ]
126 verbose addNamed [ null, '>=0.2.4-0 <0.3.0-0' ]
127 verbose cache add [ 'load-grunt-tasks@~0.2.0', null ]
128 verbose cache add name=undefined spec="load-grunt-tasks@~0.2.0" args=["load-grunt-tasks@~0.2.0",null]
129 verbose parsed url { protocol: null,
129 verbose parsed url   slashes: null,
129 verbose parsed url   auth: null,
129 verbose parsed url   host: null,
129 verbose parsed url   port: null,
129 verbose parsed url   hostname: null,
129 verbose parsed url   hash: null,
129 verbose parsed url   search: null,
129 verbose parsed url   query: null,
129 verbose parsed url   pathname: 'load-grunt-tasks@~0.2.0',
129 verbose parsed url   path: 'load-grunt-tasks@~0.2.0',
129 verbose parsed url   href: 'load-grunt-tasks@~0.2.0' }
130 verbose cache add name="load-grunt-tasks" spec="~0.2.0" args=["load-grunt-tasks","~0.2.0"]
131 verbose parsed url { protocol: null,
131 verbose parsed url   slashes: null,
131 verbose parsed url   auth: null,
131 verbose parsed url   host: null,
131 verbose parsed url   port: null,
131 verbose parsed url   hostname: null,
131 verbose parsed url   hash: null,
131 verbose parsed url   search: null,
131 verbose parsed url   query: null,
131 verbose parsed url   pathname: '~0.2.0',
131 verbose parsed url   path: '~0.2.0',
131 verbose parsed url   href: '~0.2.0' }
132 verbose addNamed [ 'load-grunt-tasks', '~0.2.0' ]
133 verbose addNamed [ null, '>=0.2.0-0 <0.3.0-0' ]
134 verbose cache add [ 'grunt-contrib-connect@~0.5.0', null ]
135 verbose cache add name=undefined spec="grunt-contrib-connect@~0.5.0" args=["grunt-contrib-connect@~0.5.0",null]
136 verbose parsed url { protocol: null,
136 verbose parsed url   slashes: null,
136 verbose parsed url   auth: null,
136 verbose parsed url   host: null,
136 verbose parsed url   port: null,
136 verbose parsed url   hostname: null,
136 verbose parsed url   hash: null,
136 verbose parsed url   search: null,
136 verbose parsed url   query: null,
136 verbose parsed url   pathname: 'grunt-contrib-connect@~0.5.0',
136 verbose parsed url   path: 'grunt-contrib-connect@~0.5.0',
136 verbose parsed url   href: 'grunt-contrib-connect@~0.5.0' }
137 verbose cache add name="grunt-contrib-connect" spec="~0.5.0" args=["grunt-contrib-connect","~0.5.0"]
138 verbose parsed url { protocol: null,
138 verbose parsed url   slashes: null,
138 verbose parsed url   auth: null,
138 verbose parsed url   host: null,
138 verbose parsed url   port: null,
138 verbose parsed url   hostname: null,
138 verbose parsed url   hash: null,
138 verbose parsed url   search: null,
138 verbose parsed url   query: null,
138 verbose parsed url   pathname: '~0.5.0',
138 verbose parsed url   path: '~0.5.0',
138 verbose parsed url   href: '~0.5.0' }
139 verbose addNamed [ 'grunt-contrib-connect', '~0.5.0' ]
140 verbose addNamed [ null, '>=0.5.0-0 <0.6.0-0' ]
141 verbose cache add [ 'grunt-scratchy@git://github.com/rashidkpc/grunt-scratchy.git',
141 verbose cache add   null ]
142 verbose cache add name=undefined spec="grunt-scratchy@git://github.com/rashidkpc/grunt-scratchy.git" args=["grunt-scratchy@git://github.com/rashidkpc/grunt-scratchy.git",null]
143 verbose parsed url { protocol: null,
143 verbose parsed url   slashes: null,
143 verbose parsed url   auth: null,
143 verbose parsed url   host: null,
143 verbose parsed url   port: null,
143 verbose parsed url   hostname: null,
143 verbose parsed url   hash: null,
143 verbose parsed url   search: null,
143 verbose parsed url   query: null,
143 verbose parsed url   pathname: 'grunt-scratchy@git://github.com/rashidkpc/grunt-scratchy.git',
143 verbose parsed url   path: 'grunt-scratchy@git://github.com/rashidkpc/grunt-scratchy.git',
143 verbose parsed url   href: 'grunt-scratchy@git://github.com/rashidkpc/grunt-scratchy.git' }
144 verbose cache add [ 'glob@~3.2.8', null ]
145 verbose cache add name=undefined spec="glob@~3.2.8" args=["glob@~3.2.8",null]
146 verbose parsed url { protocol: null,
146 verbose parsed url   slashes: null,
146 verbose parsed url   auth: null,
146 verbose parsed url   host: null,
146 verbose parsed url   port: null,
146 verbose parsed url   hostname: null,
146 verbose parsed url   hash: null,
146 verbose parsed url   search: null,
146 verbose parsed url   query: null,
146 verbose parsed url   pathname: 'glob@~3.2.8',
146 verbose parsed url   path: 'glob@~3.2.8',
146 verbose parsed url   href: 'glob@~3.2.8' }
147 verbose cache add name="glob" spec="~3.2.8" args=["glob","~3.2.8"]
148 verbose parsed url { protocol: null,
148 verbose parsed url   slashes: null,
148 verbose parsed url   auth: null,
148 verbose parsed url   host: null,
148 verbose parsed url   port: null,
148 verbose parsed url   hostname: null,
148 verbose parsed url   hash: null,
148 verbose parsed url   search: null,
148 verbose parsed url   query: null,
148 verbose parsed url   pathname: '~3.2.8',
148 verbose parsed url   path: '~3.2.8',
148 verbose parsed url   href: '~3.2.8' }
149 verbose addNamed [ 'glob', '~3.2.8' ]
150 verbose addNamed [ null, '>=3.2.8-0 <3.3.0-0' ]
151 verbose cache add [ 'kat@~0.2.2', null ]
152 verbose cache add name=undefined spec="kat@~0.2.2" args=["kat@~0.2.2",null]
153 verbose parsed url { protocol: null,
153 verbose parsed url   slashes: null,
153 verbose parsed url   auth: null,
153 verbose parsed url   host: null,
153 verbose parsed url   port: null,
153 verbose parsed url   hostname: null,
153 verbose parsed url   hash: null,
153 verbose parsed url   search: null,
153 verbose parsed url   query: null,
153 verbose parsed url   pathname: 'kat@~0.2.2',
153 verbose parsed url   path: 'kat@~0.2.2',
153 verbose parsed url   href: 'kat@~0.2.2' }
154 verbose cache add name="kat" spec="~0.2.2" args=["kat","~0.2.2"]
155 verbose parsed url { protocol: null,
155 verbose parsed url   slashes: null,
155 verbose parsed url   auth: null,
155 verbose parsed url   host: null,
155 verbose parsed url   port: null,
155 verbose parsed url   hostname: null,
155 verbose parsed url   hash: null,
155 verbose parsed url   search: null,
155 verbose parsed url   query: null,
155 verbose parsed url   pathname: '~0.2.2',
155 verbose parsed url   path: '~0.2.2',
155 verbose parsed url   href: '~0.2.2' }
156 verbose addNamed [ 'kat', '~0.2.2' ]
157 verbose addNamed [ null, '>=0.2.2-0 <0.3.0-0' ]
158 verbose cache add [ 'expect.js@~0.2.0', null ]
159 verbose cache add name=undefined spec="expect.js@~0.2.0" args=["expect.js@~0.2.0",null]
160 verbose parsed url { protocol: null,
160 verbose parsed url   slashes: null,
160 verbose parsed url   auth: null,
160 verbose parsed url   host: null,
160 verbose parsed url   port: null,
160 verbose parsed url   hostname: null,
160 verbose parsed url   hash: null,
160 verbose parsed url   search: null,
160 verbose parsed url   query: null,
160 verbose parsed url   pathname: 'expect.js@~0.2.0',
160 verbose parsed url   path: 'expect.js@~0.2.0',
160 verbose parsed url   href: 'expect.js@~0.2.0' }
161 verbose cache add name="expect.js" spec="~0.2.0" args=["expect.js","~0.2.0"]
162 verbose parsed url { protocol: null,
162 verbose parsed url   slashes: null,
162 verbose parsed url   auth: null,
162 verbose parsed url   host: null,
162 verbose parsed url   port: null,
162 verbose parsed url   hostname: null,
162 verbose parsed url   hash: null,
162 verbose parsed url   search: null,
162 verbose parsed url   query: null,
162 verbose parsed url   pathname: '~0.2.0',
162 verbose parsed url   path: '~0.2.0',
162 verbose parsed url   href: '~0.2.0' }
163 verbose addNamed [ 'expect.js', '~0.2.0' ]
164 verbose addNamed [ null, '>=0.2.0-0 <0.3.0-0' ]
165 silly lockFile ab9921f4-rjs-build-analysis-0-0-3 rjs-build-analysis@0.0.3
166 verbose lock rjs-build-analysis@0.0.3 C:\Users\acp\AppData\Roaming\npm-cache\ab9921f4-rjs-build-analysis-0-0-3.lock
167 silly lockFile cba964e3-grunt-0-4-0 grunt@~0.4.0
168 verbose lock grunt@~0.4.0 C:\Users\acp\AppData\Roaming\npm-cache\cba964e3-grunt-0-4-0.lock
169 silly lockFile 168c4b6c-grunt-s3-0-2-0-alpha-2 grunt-s3@~0.2.0-alpha.2
170 verbose lock grunt-s3@~0.2.0-alpha.2 C:\Users\acp\AppData\Roaming\npm-cache\168c4b6c-grunt-s3-0-2-0-alpha-2.lock
171 silly lockFile 129b7627-grunt-ngmin-0-0-3 grunt-ngmin@0.0.3
172 verbose lock grunt-ngmin@0.0.3 C:\Users\acp\AppData\Roaming\npm-cache\129b7627-grunt-ngmin-0-0-3.lock
173 silly lockFile e4afdac3-grunt-contrib-0-8-0 grunt-contrib@~0.8.0
174 verbose lock grunt-contrib@~0.8.0 C:\Users\acp\AppData\Roaming\npm-cache\e4afdac3-grunt-contrib-0-8-0.lock
175 silly lockFile 750feba3-grunt-contrib-less-0-7-0 grunt-contrib-less@~0.7.0
176 verbose lock grunt-contrib-less@~0.7.0 C:\Users\acp\AppData\Roaming\npm-cache\750feba3-grunt-contrib-less-0-7-0.lock
177 silly lockFile c84f658a-grunt-contrib-copy-0-4-1 grunt-contrib-copy@~0.4.1
178 verbose lock grunt-contrib-copy@~0.4.1 C:\Users\acp\AppData\Roaming\npm-cache\c84f658a-grunt-contrib-copy-0-4-1.lock
179 silly lockFile 2f96b9eb-grunt-git-describe-2-3-2 grunt-git-describe@~2.3.2
180 verbose lock grunt-git-describe@~2.3.2 C:\Users\acp\AppData\Roaming\npm-cache\2f96b9eb-grunt-git-describe-2-3-2.lock
181 silly lockFile 83f743bc-grunt-contrib-clean-0-5-0 grunt-contrib-clean@~0.5.0
182 verbose lock grunt-contrib-clean@~0.5.0 C:\Users\acp\AppData\Roaming\npm-cache\83f743bc-grunt-contrib-clean-0-5-0.lock
183 silly lockFile 3d77d695-grunt-contrib-cssmin-0-6-1 grunt-contrib-cssmin@~0.6.1
184 verbose lock grunt-contrib-cssmin@~0.6.1 C:\Users\acp\AppData\Roaming\npm-cache\3d77d695-grunt-contrib-cssmin-0-6-1.lock
185 silly lockFile 86a9e453-grunt-contrib-jshint-0-6-0 grunt-contrib-jshint@~0.6.0
186 verbose lock grunt-contrib-jshint@~0.6.0 C:\Users\acp\AppData\Roaming\npm-cache\86a9e453-grunt-contrib-jshint-0-6-0.lock
187 silly lockFile 2f1223f9-grunt-contrib-htmlmin-0-1-3 grunt-contrib-htmlmin@~0.1.3
188 verbose lock grunt-contrib-htmlmin@~0.1.3 C:\Users\acp\AppData\Roaming\npm-cache\2f1223f9-grunt-contrib-htmlmin-0-1-3.lock
189 silly lockFile bf918987-grunt-string-replace-0-2-4 grunt-string-replace@~0.2.4
190 verbose lock grunt-string-replace@~0.2.4 C:\Users\acp\AppData\Roaming\npm-cache\bf918987-grunt-string-replace-0-2-4.lock
191 silly lockFile 334939f7-grunt-contrib-requirejs-0-4-1 grunt-contrib-requirejs@~0.4.1
192 verbose lock grunt-contrib-requirejs@~0.4.1 C:\Users\acp\AppData\Roaming\npm-cache\334939f7-grunt-contrib-requirejs-0-4-1.lock
193 silly lockFile 5c227b01-grunt-angular-templates-0-3-12 grunt-angular-templates@~0.3.12
194 verbose lock grunt-angular-templates@~0.3.12 C:\Users\acp\AppData\Roaming\npm-cache\5c227b01-grunt-angular-templates-0-3-12.lock
195 silly lockFile a9820b8f-grunt-contrib-compress-0-5-2 grunt-contrib-compress@~0.5.2
196 verbose lock grunt-contrib-compress@~0.5.2 C:\Users\acp\AppData\Roaming\npm-cache\a9820b8f-grunt-contrib-compress-0-5-2.lock
197 silly lockFile dcf05dfd-grunt-contrib-uglify-0-2-4 grunt-contrib-uglify@~0.2.4
198 verbose lock grunt-contrib-uglify@~0.2.4 C:\Users\acp\AppData\Roaming\npm-cache\dcf05dfd-grunt-contrib-uglify-0-2-4.lock
199 silly lockFile 2a94459b-load-grunt-tasks-0-2-0 load-grunt-tasks@~0.2.0
200 verbose lock load-grunt-tasks@~0.2.0 C:\Users\acp\AppData\Roaming\npm-cache\2a94459b-load-grunt-tasks-0-2-0.lock
201 silly lockFile bc7bae3b-grunt-contrib-connect-0-5-0 grunt-contrib-connect@~0.5.0
202 verbose lock grunt-contrib-connect@~0.5.0 C:\Users\acp\AppData\Roaming\npm-cache\bc7bae3b-grunt-contrib-connect-0-5-0.lock
203 verbose cache add name="grunt-scratchy" spec="git://github.com/rashidkpc/grunt-scratchy.git" args=["grunt-scratchy","git://github.com/rashidkpc/grunt-scratchy.git"]
204 verbose parsed url { protocol: 'git:',
204 verbose parsed url   slashes: true,
204 verbose parsed url   auth: null,
204 verbose parsed url   host: 'github.com',
204 verbose parsed url   port: null,
204 verbose parsed url   hostname: 'github.com',
204 verbose parsed url   hash: null,
204 verbose parsed url   search: null,
204 verbose parsed url   query: null,
204 verbose parsed url   pathname: '/rashidkpc/grunt-scratchy.git',
204 verbose parsed url   path: '/rashidkpc/grunt-scratchy.git',
204 verbose parsed url   href: 'git://github.com/rashidkpc/grunt-scratchy.git' }
205 silly lockFile 0950cac3-com-rashidkpc-grunt-scratchy-git git://github.com/rashidkpc/grunt-scratchy.git
206 verbose lock git://github.com/rashidkpc/grunt-scratchy.git C:\Users\acp\AppData\Roaming\npm-cache\0950cac3-com-rashidkpc-grunt-scratchy-git.lock
207 silly lockFile 5bb09921-glob-3-2-8 glob@~3.2.8
208 verbose lock glob@~3.2.8 C:\Users\acp\AppData\Roaming\npm-cache\5bb09921-glob-3-2-8.lock
209 silly lockFile 4559b616-kat-0-2-2 kat@~0.2.2
210 verbose lock kat@~0.2.2 C:\Users\acp\AppData\Roaming\npm-cache\4559b616-kat-0-2-2.lock
211 silly lockFile d8d560e4-expect-js-0-2-0 expect.js@~0.2.0
212 verbose lock expect.js@~0.2.0 C:\Users\acp\AppData\Roaming\npm-cache\d8d560e4-expect-js-0-2-0.lock
213 silly addNameRange { name: 'grunt-s3',
213 silly addNameRange   range: '>=0.2.0-alpha.2 <0.3.0-0',
213 silly addNameRange   hasData: false }
214 silly addNameRange { name: 'grunt', range: '>=0.4.0-0 <0.5.0-0', hasData: false }
215 silly addNameRange { name: 'grunt-contrib',
215 silly addNameRange   range: '>=0.8.0-0 <0.9.0-0',
215 silly addNameRange   hasData: false }
216 silly addNameRange { name: 'grunt-contrib-copy',
216 silly addNameRange   range: '>=0.4.1-0 <0.5.0-0',
216 silly addNameRange   hasData: false }
217 silly addNameRange { name: 'grunt-contrib-jshint',
217 silly addNameRange   range: '>=0.6.0-0 <0.7.0-0',
217 silly addNameRange   hasData: false }
218 silly addNameRange { name: 'grunt-contrib-less',
218 silly addNameRange   range: '>=0.7.0-0 <0.8.0-0',
218 silly addNameRange   hasData: false }
219 silly addNameRange { name: 'grunt-contrib-htmlmin',
219 silly addNameRange   range: '>=0.1.3-0 <0.2.0-0',
219 silly addNameRange   hasData: false }
220 silly addNameRange { name: 'grunt-git-describe',
220 silly addNameRange   range: '>=2.3.2-0 <2.4.0-0',
220 silly addNameRange   hasData: false }
221 silly addNameRange { name: 'grunt-contrib-clean',
221 silly addNameRange   range: '>=0.5.0-0 <0.6.0-0',
221 silly addNameRange   hasData: false }
222 silly addNameRange { name: 'grunt-contrib-requirejs',
222 silly addNameRange   range: '>=0.4.1-0 <0.5.0-0',
222 silly addNameRange   hasData: false }
223 silly addNameRange { name: 'expect.js',
223 silly addNameRange   range: '>=0.2.0-0 <0.3.0-0',
223 silly addNameRange   hasData: false }
224 silly addNameRange { name: 'grunt-contrib-connect',
224 silly addNameRange   range: '>=0.5.0-0 <0.6.0-0',
224 silly addNameRange   hasData: false }
225 silly addNameRange { name: 'grunt-string-replace',
225 silly addNameRange   range: '>=0.2.4-0 <0.3.0-0',
225 silly addNameRange   hasData: false }
226 silly addNameRange { name: 'kat', range: '>=0.2.2-0 <0.3.0-0', hasData: false }
227 silly addNameRange { name: 'grunt-angular-templates',
227 silly addNameRange   range: '>=0.3.12-0 <0.4.0-0',
227 silly addNameRange   hasData: false }
228 silly addNameRange { name: 'grunt-contrib-cssmin',
228 silly addNameRange   range: '>=0.6.1-0 <0.7.0-0',
228 silly addNameRange   hasData: false }
229 silly addNameRange { name: 'grunt-contrib-compress',
229 silly addNameRange   range: '>=0.5.2-0 <0.6.0-0',
229 silly addNameRange   hasData: false }
230 verbose addRemoteGit [ 'git://github.com/rashidkpc/grunt-scratchy.git', 'master' ]
231 silly addNameRange { name: 'glob', range: '>=3.2.8-0 <3.3.0-0', hasData: false }
232 silly addNameRange { name: 'grunt-contrib-uglify',
232 silly addNameRange   range: '>=0.2.4-0 <0.3.0-0',
232 silly addNameRange   hasData: false }
233 silly addNameRange { name: 'load-grunt-tasks',
233 silly addNameRange   range: '>=0.2.0-0 <0.3.0-0',
233 silly addNameRange   hasData: false }
234 verbose url raw grunt-contrib
235 verbose url resolving [ 'https://registry.npmjs.org/', './grunt-contrib' ]
236 verbose url resolved https://registry.npmjs.org/grunt-contrib
237 info trying registry request attempt 1 at 17:50:04
238 verbose etag "AE8LV003S0LZVYKRN06JFRG01"
239 http GET https://registry.npmjs.org/grunt-contrib
240 verbose url raw grunt-ngmin/0.0.3
241 verbose url resolving [ 'https://registry.npmjs.org/', './grunt-ngmin/0.0.3' ]
242 verbose url resolved https://registry.npmjs.org/grunt-ngmin/0.0.3
243 info trying registry request attempt 1 at 17:50:04
244 verbose etag "QNTFHP71113Y5CT6XKU9S862"
245 http GET https://registry.npmjs.org/grunt-ngmin/0.0.3
246 verbose url raw grunt
247 verbose url resolving [ 'https://registry.npmjs.org/', './grunt' ]
248 verbose url resolved https://registry.npmjs.org/grunt
249 info trying registry request attempt 1 at 17:50:04
250 verbose etag "9Z3XN3V8NN9DJTMRGDEPS3PQE"
251 http GET https://registry.npmjs.org/grunt
252 verbose url raw grunt-contrib-uglify
253 verbose url resolving [ 'https://registry.npmjs.org/', './grunt-contrib-uglify' ]
254 verbose url resolved https://registry.npmjs.org/grunt-contrib-uglify
255 info trying registry request attempt 1 at 17:50:04
256 verbose etag "8K3CNBBYXD06GAS2VH2V7OB1"
257 http GET https://registry.npmjs.org/grunt-contrib-uglify
258 verbose url raw grunt-contrib-requirejs
259 verbose url resolving [ 'https://registry.npmjs.org/', './grunt-contrib-requirejs' ]
260 verbose url resolved https://registry.npmjs.org/grunt-contrib-requirejs
261 info trying registry request attempt 1 at 17:50:04
262 verbose etag "DF44CU99OF3XA607BUFSCC65Y"
263 http GET https://registry.npmjs.org/grunt-contrib-requirejs
264 verbose url raw grunt-git-describe
265 verbose url resolving [ 'https://registry.npmjs.org/', './grunt-git-describe' ]
266 verbose url resolved https://registry.npmjs.org/grunt-git-describe
267 info trying registry request attempt 1 at 17:50:04
268 verbose etag "61GLRN98QEJHUWT5ME8QC55KR"
269 http GET https://registry.npmjs.org/grunt-git-describe
270 verbose url raw load-grunt-tasks
271 verbose url resolving [ 'https://registry.npmjs.org/', './load-grunt-tasks' ]
272 verbose url resolved https://registry.npmjs.org/load-grunt-tasks
273 info trying registry request attempt 1 at 17:50:04
274 verbose etag "1WWGQFIG3E7PBQYVMT7T39RI6"
275 http GET https://registry.npmjs.org/load-grunt-tasks
276 verbose url raw grunt-angular-templates
277 verbose url resolving [ 'https://registry.npmjs.org/', './grunt-angular-templates' ]
278 verbose url resolved https://registry.npmjs.org/grunt-angular-templates
279 info trying registry request attempt 1 at 17:50:04
280 verbose etag "5ADR5J0ZVB1EYPXCDZE8G59NW"
281 http GET https://registry.npmjs.org/grunt-angular-templates
282 verbose url raw rjs-build-analysis/0.0.3
283 verbose url resolving [ 'https://registry.npmjs.org/', './rjs-build-analysis/0.0.3' ]
284 verbose url resolved https://registry.npmjs.org/rjs-build-analysis/0.0.3
285 info trying registry request attempt 1 at 17:50:04
286 verbose etag "6WB0SGYSWN8SNOCXCWHURI208"
287 http GET https://registry.npmjs.org/rjs-build-analysis/0.0.3
288 verbose url raw grunt-string-replace
289 verbose url resolving [ 'https://registry.npmjs.org/', './grunt-string-replace' ]
290 verbose url resolved https://registry.npmjs.org/grunt-string-replace
291 info trying registry request attempt 1 at 17:50:04
292 verbose etag "7FMPJ8WBYT1WYA9BYXZRUG9HT"
293 http GET https://registry.npmjs.org/grunt-string-replace
294 verbose url raw grunt-contrib-copy
295 verbose url resolving [ 'https://registry.npmjs.org/', './grunt-contrib-copy' ]
296 verbose url resolved https://registry.npmjs.org/grunt-contrib-copy
297 info trying registry request attempt 1 at 17:50:04
298 verbose etag "2HIZINOOGV74P0YGV47V3BAM8"
299 http GET https://registry.npmjs.org/grunt-contrib-copy
300 verbose url raw kat
301 verbose url resolving [ 'https://registry.npmjs.org/', './kat' ]
302 verbose url resolved https://registry.npmjs.org/kat
303 info trying registry request attempt 1 at 17:50:04
304 verbose etag "103Y9B7PG3PCC3HB7F7JEHER1"
305 http GET https://registry.npmjs.org/kat
306 verbose url raw grunt-contrib-jshint
307 verbose url resolving [ 'https://registry.npmjs.org/', './grunt-contrib-jshint' ]
308 verbose url resolved https://registry.npmjs.org/grunt-contrib-jshint
309 info trying registry request attempt 1 at 17:50:04
310 verbose etag "XGGD4W4BNBS9JF3KR06I30LS"
311 http GET https://registry.npmjs.org/grunt-contrib-jshint
312 verbose url raw grunt-contrib-compress
313 verbose url resolving [ 'https://registry.npmjs.org/', './grunt-contrib-compress' ]
314 verbose url resolved https://registry.npmjs.org/grunt-contrib-compress
315 info trying registry request attempt 1 at 17:50:04
316 verbose etag "AAXRPHM9NJ51HZDOTEI6UZTK7"
317 http GET https://registry.npmjs.org/grunt-contrib-compress
318 verbose url raw glob
319 verbose url resolving [ 'https://registry.npmjs.org/', './glob' ]
320 verbose url resolved https://registry.npmjs.org/glob
321 info trying registry request attempt 1 at 17:50:04
322 verbose etag "7ICTGDVUC7D2WHVLGKKSDZEGG"
323 http GET https://registry.npmjs.org/glob
324 verbose url raw grunt-contrib-clean
325 verbose url resolving [ 'https://registry.npmjs.org/', './grunt-contrib-clean' ]
326 verbose url resolved https://registry.npmjs.org/grunt-contrib-clean
327 info trying registry request attempt 1 at 17:50:04
328 verbose etag "1Z8RYBFY7SYAKPKWOYNSS3BWW"
329 http GET https://registry.npmjs.org/grunt-contrib-clean
330 verbose url raw grunt-contrib-less
331 verbose url resolving [ 'https://registry.npmjs.org/', './grunt-contrib-less' ]
332 verbose url resolved https://registry.npmjs.org/grunt-contrib-less
333 info trying registry request attempt 1 at 17:50:04
334 verbose etag "A6GBDBSG5NYWVAOPZ3IC8DH3T"
335 http GET https://registry.npmjs.org/grunt-contrib-less
336 verbose url raw grunt-contrib-cssmin
337 verbose url resolving [ 'https://registry.npmjs.org/', './grunt-contrib-cssmin' ]
338 verbose url resolved https://registry.npmjs.org/grunt-contrib-cssmin
339 info trying registry request attempt 1 at 17:50:04
340 verbose etag "5RBFGG6BLHX8R60YNPY32ZZWU"
341 http GET https://registry.npmjs.org/grunt-contrib-cssmin
342 verbose url raw grunt-s3
343 verbose url resolving [ 'https://registry.npmjs.org/', './grunt-s3' ]
344 verbose url resolved https://registry.npmjs.org/grunt-s3
345 info trying registry request attempt 1 at 17:50:04
346 verbose etag "A682KV4ZPQJLJNBA1VWATVGEH"
347 http GET https://registry.npmjs.org/grunt-s3
348 verbose url raw grunt-contrib-htmlmin
349 verbose url resolving [ 'https://registry.npmjs.org/', './grunt-contrib-htmlmin' ]
350 verbose url resolved https://registry.npmjs.org/grunt-contrib-htmlmin
351 info trying registry request attempt 1 at 17:50:04
352 verbose etag "9QW95KKAOJNALV5XSFWFE7Z16"
353 http GET https://registry.npmjs.org/grunt-contrib-htmlmin
354 verbose url raw expect.js
355 verbose url resolving [ 'https://registry.npmjs.org/', './expect.js' ]
356 verbose url resolved https://registry.npmjs.org/expect.js
357 info trying registry request attempt 1 at 17:50:04
358 verbose etag "F2AHV2ZNZCS24QJ7N956YODYB"
359 http GET https://registry.npmjs.org/expect.js
360 verbose url raw grunt-contrib-connect
361 verbose url resolving [ 'https://registry.npmjs.org/', './grunt-contrib-connect' ]
362 verbose url resolved https://registry.npmjs.org/grunt-contrib-connect
363 info trying registry request attempt 1 at 17:50:04
364 verbose etag "8U8AII9LPX8ZFH279N9ASQI22"
365 http GET https://registry.npmjs.org/grunt-contrib-connect
366 http 200 https://registry.npmjs.org/grunt-ngmin/0.0.3
367 silly registry.get cb [ 200,
367 silly registry.get   { date: 'Thu, 15 May 2014 21:50:10 GMT',
367 silly registry.get     server: 'CouchDB/1.5.0 (Erlang OTP/R14B04)',
367 silly registry.get     etag: '"DQ5Y8CYLGZNF1UDT3K32GBROJ"',
367 silly registry.get     'content-type': 'application/json',
367 silly registry.get     via: '1.1 varnish',
367 silly registry.get     'cache-control': 'max-age=1',
367 silly registry.get     'content-length': '979',
367 silly registry.get     'accept-ranges': 'bytes',
367 silly registry.get     age: '4017',
367 silly registry.get     'x-served-by': 'cache-v42-ASH, cache-jfk1029-JFK',
367 silly registry.get     'x-cache': 'HIT, MISS',
367 silly registry.get     'x-cache-hits': '1, 0',
367 silly registry.get     'x-timer': 'S1400186593.144626856,VS0,VS3,VE96,VE4017386',
367 silly registry.get     vary: 'Accept',
367 silly registry.get     'keep-alive': 'timeout=10, max=50',
367 silly registry.get     connection: 'Keep-Alive' } ]
368 http 200 https://registry.npmjs.org/grunt
369 silly registry.get cb [ 200,
369 silly registry.get   { date: 'Thu, 15 May 2014 21:50:10 GMT',
369 silly registry.get     server: 'CouchDB/1.5.0 (Erlang OTP/R14B04)',
369 silly registry.get     etag: '"8G4B16QNXPYWWL63FJJU9MRS1"',
369 silly registry.get     'content-type': 'application/json',
369 silly registry.get     'cache-control': 'max-age=1',
369 silly registry.get     'content-length': '84802',
369 silly registry.get     'accept-ranges': 'bytes',
369 silly registry.get     via: '1.1 varnish',
369 silly registry.get     age: '17',
369 silly registry.get     'x-served-by': 'cache-v44-ASH',
369 silly registry.get     'x-cache': 'HIT',
369 silly registry.get     'x-cache-hits': '3',
369 silly registry.get     'x-timer': 'S1400190610.497740984,VS0,VE0',
369 silly registry.get     vary: 'Accept',
369 silly registry.get     'keep-alive': 'timeout=10, max=50',
369 silly registry.get     connection: 'Keep-Alive' } ]
370 http 200 https://registry.npmjs.org/load-grunt-tasks
371 silly registry.get cb [ 200,
371 silly registry.get   { date: 'Thu, 15 May 2014 21:50:10 GMT',
371 silly registry.get     server: 'CouchDB/1.5.0 (Erlang OTP/R14B04)',
371 silly registry.get     etag: '"79YMPI3UQ0BVNHVIOZAFCVJDM"',
371 silly registry.get     'content-type': 'application/json',
371 silly registry.get     'cache-control': 'max-age=1',
371 silly registry.get     'content-length': '14128',
371 silly registry.get     'accept-ranges': 'bytes',
371 silly registry.get     via: '1.1 varnish',
371 silly registry.get     age: '21',
371 silly registry.get     'x-served-by': 'cache-v44-ASH',
371 silly registry.get     'x-cache': 'HIT',
371 silly registry.get     'x-cache-hits': '2',
371 silly registry.get     'x-timer': 'S1400190610.593148947,VS0,VE0',
371 silly registry.get     vary: 'Accept',
371 silly registry.get     'keep-alive': 'timeout=10, max=49',
371 silly registry.get     connection: 'Keep-Alive' } ]
372 silly lockFile 0950cac3-com-rashidkpc-grunt-scratchy-git git://github.com/rashidkpc/grunt-scratchy.git
373 silly lockFile 0950cac3-com-rashidkpc-grunt-scratchy-git git://github.com/rashidkpc/grunt-scratchy.git
374 error not found: git
375 error Failed using git.
375 error This is most likely not a problem with npm itself.
375 error Please check if you have git installed and in your PATH.
376 error System Windows_NT 6.1.7601
377 error command "c:\\Program Files\\nodejs\\node.exe" "c:\\Program Files\\nodejs\\node_modules\\npm\\bin\\npm-cli.js" "install"
378 error cwd c:\Users\acp\github\kibana\src
379 error node -v v0.10.26
380 error npm -v 1.4.3
381 error code ENOGIT
382 verbose exit [ 1, true ]
